Info: Starting: Create block symbol file (.bsf)
Info: qsys-generate C:\PROJECT\temp\qiita\qsf\nios2_ci_sample\nios2_ci_core.qsys --block-symbol-file --output-directory=C:\PROJECT\temp\qiita\qsf\nios2_ci_sample\nios2_ci_core --family="Cyclone IV E" --part=EP4CE22F17C6
Progress: Loading nios2_ci_sample/nios2_ci_core.qsys
Progress: Reading input file
Progress: Adding clk_0 [clock_source 20.1]
Progress: Parameterizing module clk_0
Progress: Adding jtag_uart_0 [altera_avalon_jtag_uart 20.1]
Progress: Parameterizing module jtag_uart_0
Progress: Adding nios2_gen2_0 [altera_nios2_gen2 20.1]
Progress: Parameterizing module nios2_gen2_0
Progress: Adding onchip_memory2_0 [altera_avalon_onchip_memory2 20.1]
Progress: Parameterizing module onchip_memory2_0
Progress: Adding sysid_qsys_0 [altera_avalon_sysid_qsys 20.1]
Progress: Parameterizing module sysid_qsys_0
Progress: Adding timer_0 [altera_avalon_timer 20.1]
Progress: Parameterizing module timer_0
Progress: Building connections
Progress: Parameterizing connections
Progress: Validating
Progress: Done reading input file
Info: nios2_ci_core.jtag_uart_0: JTAG UART IP input clock need to be at least double (2x) the operating frequency of JTAG TCK on board
Info: nios2_ci_core.sysid_qsys_0: System ID is not assigned automatically. Edit the System ID parameter to provide a unique ID
Info: nios2_ci_core.sysid_qsys_0: Time stamp will be automatically updated when this component is generated.
Info: qsys-generate succeeded.
Info: Finished: Create block symbol file (.bsf)
Info: 
Info: Starting: Create HDL design files for synthesis
Info: qsys-generate C:\PROJECT\temp\qiita\qsf\nios2_ci_sample\nios2_ci_core.qsys --synthesis=VERILOG --output-directory=C:\PROJECT\temp\qiita\qsf\nios2_ci_sample\nios2_ci_core\synthesis --family="Cyclone IV E" --part=EP4CE22F17C6
Progress: Loading nios2_ci_sample/nios2_ci_core.qsys
Progress: Reading input file
Progress: Adding clk_0 [clock_source 20.1]
Progress: Parameterizing module clk_0
Progress: Adding jtag_uart_0 [altera_avalon_jtag_uart 20.1]
Progress: Parameterizing module jtag_uart_0
Progress: Adding nios2_gen2_0 [altera_nios2_gen2 20.1]
Progress: Parameterizing module nios2_gen2_0
Progress: Adding onchip_memory2_0 [altera_avalon_onchip_memory2 20.1]
Progress: Parameterizing module onchip_memory2_0
Progress: Adding sysid_qsys_0 [altera_avalon_sysid_qsys 20.1]
Progress: Parameterizing module sysid_qsys_0
Progress: Adding timer_0 [altera_avalon_timer 20.1]
Progress: Parameterizing module timer_0
Progress: Building connections
Progress: Parameterizing connections
Progress: Validating
Progress: Done reading input file
Info: nios2_ci_core.jtag_uart_0: JTAG UART IP input clock need to be at least double (2x) the operating frequency of JTAG TCK on board
Info: nios2_ci_core.sysid_qsys_0: System ID is not assigned automatically. Edit the System ID parameter to provide a unique ID
Info: nios2_ci_core.sysid_qsys_0: Time stamp will be automatically updated when this component is generated.
Info: nios2_ci_core: Generating nios2_ci_core "nios2_ci_core" for QUARTUS_SYNTH
Info: jtag_uart_0: Starting RTL generation for module 'nios2_ci_core_jtag_uart_0'
Info: jtag_uart_0:   Generation command is [exec C:/develop/quartus/20.1le/quartus/bin64/perl/bin/perl.exe -I C:/develop/quartus/20.1le/quartus/bin64/perl/lib -I C:/develop/quartus/20.1le/quartus/sopc_builder/bin/europa -I C:/develop/quartus/20.1le/quartus/sopc_builder/bin -I C:/develop/quartus/20.1le/quartus/../ip/altera/sopc_builder_ip/common -I C:/develop/quartus/20.1le/quartus/../ip/altera/sopc_builder_ip/altera_avalon_jtag_uart -- C:/develop/quartus/20.1le/quartus/../ip/altera/sopc_builder_ip/altera_avalon_jtag_uart/generate_rtl.pl --name=nios2_ci_core_jtag_uart_0 --dir=C:/Users/Regulus/AppData/Local/Temp/alt8581_742679934963401230.dir/0002_jtag_uart_0_gen/ --quartus_dir=C:/develop/quartus/20.1le/quartus --verilog --config=C:/Users/Regulus/AppData/Local/Temp/alt8581_742679934963401230.dir/0002_jtag_uart_0_gen//nios2_ci_core_jtag_uart_0_component_configuration.pl  --do_build_sim=0  ]
Info: jtag_uart_0: Done RTL generation for module 'nios2_ci_core_jtag_uart_0'
Info: jtag_uart_0: "nios2_ci_core" instantiated altera_avalon_jtag_uart "jtag_uart_0"
Info: nios2_gen2_0: "nios2_ci_core" instantiated altera_nios2_gen2 "nios2_gen2_0"
Info: onchip_memory2_0: Starting RTL generation for module 'nios2_ci_core_onchip_memory2_0'
Info: onchip_memory2_0:   Generation command is [exec C:/develop/quartus/20.1le/quartus/bin64/perl/bin/perl.exe -I C:/develop/quartus/20.1le/quartus/bin64/perl/lib -I C:/develop/quartus/20.1le/quartus/sopc_builder/bin/europa -I C:/develop/quartus/20.1le/quartus/sopc_builder/bin -I C:/develop/quartus/20.1le/quartus/../ip/altera/sopc_builder_ip/common -I C:/develop/quartus/20.1le/quartus/../ip/altera/sopc_builder_ip/altera_avalon_onchip_memory2 -- C:/develop/quartus/20.1le/quartus/../ip/altera/sopc_builder_ip/altera_avalon_onchip_memory2/generate_rtl.pl --name=nios2_ci_core_onchip_memory2_0 --dir=C:/Users/Regulus/AppData/Local/Temp/alt8581_742679934963401230.dir/0003_onchip_memory2_0_gen/ --quartus_dir=C:/develop/quartus/20.1le/quartus --verilog --config=C:/Users/Regulus/AppData/Local/Temp/alt8581_742679934963401230.dir/0003_onchip_memory2_0_gen//nios2_ci_core_onchip_memory2_0_component_configuration.pl  --do_build_sim=0  ]
Info: onchip_memory2_0: Done RTL generation for module 'nios2_ci_core_onchip_memory2_0'
Info: onchip_memory2_0: "nios2_ci_core" instantiated altera_avalon_onchip_memory2 "onchip_memory2_0"
Info: sysid_qsys_0: "nios2_ci_core" instantiated altera_avalon_sysid_qsys "sysid_qsys_0"
Info: timer_0: Starting RTL generation for module 'nios2_ci_core_timer_0'
Info: timer_0:   Generation command is [exec C:/DEVELOP/Quartus/20.1LE/quartus/bin64//perl/bin/perl.exe -I C:/DEVELOP/Quartus/20.1LE/quartus/bin64//perl/lib -I C:/develop/quartus/20.1le/quartus/sopc_builder/bin/europa -I C:/develop/quartus/20.1le/quartus/sopc_builder/bin -I C:/develop/quartus/20.1le/quartus/../ip/altera/sopc_builder_ip/common -I C:/develop/quartus/20.1le/quartus/../ip/altera/sopc_builder_ip/altera_avalon_timer -- C:/develop/quartus/20.1le/quartus/../ip/altera/sopc_builder_ip/altera_avalon_timer/generate_rtl.pl --name=nios2_ci_core_timer_0 --dir=C:/Users/Regulus/AppData/Local/Temp/alt8581_742679934963401230.dir/0005_timer_0_gen/ --quartus_dir=C:/develop/quartus/20.1le/quartus --verilog --config=C:/Users/Regulus/AppData/Local/Temp/alt8581_742679934963401230.dir/0005_timer_0_gen//nios2_ci_core_timer_0_component_configuration.pl  --do_build_sim=0  ]
Info: timer_0: Done RTL generation for module 'nios2_ci_core_timer_0'
Info: timer_0: "nios2_ci_core" instantiated altera_avalon_timer "timer_0"
Info: avalon_st_adapter: Inserting error_adapter: error_adapter_0
Info: avalon_st_adapter_001: Inserting error_adapter: error_adapter_0
Info: avalon_st_adapter_002: Inserting error_adapter: error_adapter_0
Info: avalon_st_adapter_003: Inserting error_adapter: error_adapter_0
Info: avalon_st_adapter_004: Inserting error_adapter: error_adapter_0
Info: mm_interconnect_0: "nios2_ci_core" instantiated altera_mm_interconnect "mm_interconnect_0"
Info: irq_mapper: "nios2_ci_core" instantiated altera_irq_mapper "irq_mapper"
Info: rst_controller: "nios2_ci_core" instantiated altera_reset_controller "rst_controller"
Info: cpu: Starting RTL generation for module 'nios2_ci_core_nios2_gen2_0_cpu'
Info: cpu:   Generation command is [exec C:/DEVELOP/Quartus/20.1LE/quartus/bin64//perl/bin/perl.exe -I C:/DEVELOP/Quartus/20.1LE/quartus/bin64//perl/lib -I C:/develop/quartus/20.1le/quartus/sopc_builder/bin/europa -I C:/develop/quartus/20.1le/quartus/sopc_builder/bin -I C:/develop/quartus/20.1le/quartus/../ip/altera/nios2_ip/altera_nios2_gen2/cpu_lib -I C:/develop/quartus/20.1le/quartus/../ip/altera/nios2_ip/altera_nios2_gen2/nios_lib -I C:/develop/quartus/20.1le/quartus/../ip/altera/nios2_ip/altera_nios2_gen2 -I C:/develop/quartus/20.1le/quartus/../ip/altera/nios2_ip/altera_nios2_gen2 -- C:/develop/quartus/20.1le/quartus/../ip/altera/nios2_ip/altera_nios2_gen2/generate_rtl.pl --name=nios2_ci_core_nios2_gen2_0_cpu --dir=C:/Users/Regulus/AppData/Local/Temp/alt8581_742679934963401230.dir/0008_cpu_gen/ --quartus_bindir=C:/DEVELOP/Quartus/20.1LE/quartus/bin64/ --verilog --config=C:/Users/Regulus/AppData/Local/Temp/alt8581_742679934963401230.dir/0008_cpu_gen//nios2_ci_core_nios2_gen2_0_cpu_processor_configuration.pl  --do_build_sim=0  ]
Info: cpu: # 2020.11.16 03:46:45 (*) Starting Nios II generation
Info: cpu: # 2020.11.16 03:46:45 (*)   Elaborating CPU configuration settings
Info: cpu: # 2020.11.16 03:46:45 (*)   Creating all objects for CPU
Info: cpu: # 2020.11.16 03:46:46 (*)   Generating RTL from CPU objects
Info: cpu: # 2020.11.16 03:46:46 (*)   Creating plain-text RTL
Info: cpu: # 2020.11.16 03:46:47 (*) Done Nios II generation
Info: cpu: Done RTL generation for module 'nios2_ci_core_nios2_gen2_0_cpu'
Info: cpu: "nios2_gen2_0" instantiated altera_nios2_gen2_unit "cpu"
Info: nios2_gen2_0_data_master_translator: "mm_interconnect_0" instantiated altera_merlin_master_translator "nios2_gen2_0_data_master_translator"
Info: jtag_uart_0_avalon_jtag_slave_translator: "mm_interconnect_0" instantiated altera_merlin_slave_translator "jtag_uart_0_avalon_jtag_slave_translator"
Info: nios2_gen2_0_data_master_agent: "mm_interconnect_0" instantiated altera_merlin_master_agent "nios2_gen2_0_data_master_agent"
Info: jtag_uart_0_avalon_jtag_slave_agent: "mm_interconnect_0" instantiated altera_merlin_slave_agent "jtag_uart_0_avalon_jtag_slave_agent"
Info: jtag_uart_0_avalon_jtag_slave_agent_rsp_fifo: "mm_interconnect_0" instantiated altera_avalon_sc_fifo "jtag_uart_0_avalon_jtag_slave_agent_rsp_fifo"
Info: router: "mm_interconnect_0" instantiated altera_merlin_router "router"
Info: router_001: "mm_interconnect_0" instantiated altera_merlin_router "router_001"
Info: router_002: "mm_interconnect_0" instantiated altera_merlin_router "router_002"
Info: router_004: "mm_interconnect_0" instantiated altera_merlin_router "router_004"
Info: cmd_demux: "mm_interconnect_0" instantiated altera_merlin_demultiplexer "cmd_demux"
Info: cmd_demux_001: "mm_interconnect_0" instantiated altera_merlin_demultiplexer "cmd_demux_001"
Info: cmd_mux: "mm_interconnect_0" instantiated altera_merlin_multiplexer "cmd_mux"
Info: cmd_mux_002: "mm_interconnect_0" instantiated altera_merlin_multiplexer "cmd_mux_002"
Info: Reusing file C:/PROJECT/temp/qiita/qsf/nios2_ci_sample/nios2_ci_core/synthesis/submodules/altera_merlin_arbitrator.sv
Info: rsp_demux: "mm_interconnect_0" instantiated altera_merlin_demultiplexer "rsp_demux"
Info: rsp_mux: "mm_interconnect_0" instantiated altera_merlin_multiplexer "rsp_mux"
Info: Reusing file C:/PROJECT/temp/qiita/qsf/nios2_ci_sample/nios2_ci_core/synthesis/submodules/altera_merlin_arbitrator.sv
Info: rsp_mux_001: "mm_interconnect_0" instantiated altera_merlin_multiplexer "rsp_mux_001"
Info: Reusing file C:/PROJECT/temp/qiita/qsf/nios2_ci_sample/nios2_ci_core/synthesis/submodules/altera_merlin_arbitrator.sv
Info: avalon_st_adapter: "mm_interconnect_0" instantiated altera_avalon_st_adapter "avalon_st_adapter"
Info: error_adapter_0: "avalon_st_adapter" instantiated error_adapter "error_adapter_0"
Info: nios2_ci_core: Done "nios2_ci_core" with 28 modules, 41 files
Info: qsys-generate succeeded.
Info: Finished: Create HDL design files for synthesis
